#
# There is insufficient memory for the Java Runtime Environment to continue.
# Native memory allocation (malloc) failed to allocate 32744 bytes for ChunkPool::allocate
# Possible reasons:
#   The system is out of physical RAM or swap space
#   In 32 bit mode, the process size limit was hit
# Possible solutions:
#   Reduce memory load on the system
#   Increase physical memory or swap space
#   Check if swap backing store is full
#   Use 64 bit Java on a 64 bit OS
#   Decrease Java heap size (-Xmx/-Xms)
#   Decrease number of Java threads
#   Decrease Java thread stack sizes (-Xss)
#   Set larger code cache with -XX:ReservedCodeCacheSize=
# This output file may be truncated or incomplete.
#
#  Out of Memory Error (allocation.cpp:273), pid=1212, tid=0x00000000000000d0
#
# JRE version: Java(TM) SE Runtime Environment (8.0_161-b12) (build 1.8.0_161-b12)
# Java VM: Java HotSpot(TM) 64-Bit Server VM (25.161-b12 mixed mode windows-amd64 compressed oops)
# Failed to write core dump. Minidumps are not enabled by default on client versions of Windows
#

---------------  T H R E A D  ---------------

Current thread (0x0000000002974800):  JavaThread "main" [_thread_in_vm, id=208, stack(0x0000000002430000,0x0000000002530000)]

Stack: [0x0000000002430000,0x0000000002530000]
[error occurred during error reporting (printing stack bounds), id 0xc0000005]

Native frames: (J=compiled Java code, j=interpreted, Vv=VM code, C=native code)

Java frames: (J=compiled Java code, j=interpreted, Vv=VM code)
J 681  java.lang.ClassLoader.defineClass1(Ljava/lang/String;[BIILjava/security/ProtectionDomain;Ljava/lang/String;)Ljava/lang/Class; (0 bytes) @ 0x0000000002d77cdf [0x0000000002d77c40+0x9f]
J 726 C1 java.lang.ClassLoader.defineClass(Ljava/lang/String;[BIILjava/security/ProtectionDomain;)Ljava/lang/Class; (43 bytes) @ 0x0000000002da2064 [0x0000000002da1a80+0x5e4]
J 659 C1 java.net.URLClassLoader.defineClass(Ljava/lang/String;Lsun/misc/Resource;)Ljava/lang/Class; (142 bytes) @ 0x0000000002d6c8e4 [0x0000000002d6ad80+0x1b64]
J 380 C1 java.net.URLClassLoader$1.run()Ljava/lang/Class; (63 bytes) @ 0x0000000002c88094 [0x0000000002c87de0+0x2b4]
J 332 C1 java.net.URLClassLoader$1.run()Ljava/lang/Object; (5 bytes) @ 0x0000000002c5efcc [0x0000000002c5ef40+0x8c]
v  ~StubRoutines::call_stub
J 190  java.security.AccessController.doPrivileged(Ljava/security/PrivilegedExceptionAction;Ljava/security/AccessControlContext;)Ljava/lang/Object; (0 bytes) @ 0x0000000002bdfa26 [0x0000000002bdf9c0+0x66]
J 1773 C2 java.net.URLClassLoader.findClass(Ljava/lang/String;)Ljava/lang/Class; (47 bytes) @ 0x0000000003089630 [0x00000000030895a0+0x90]
J 1628 C2 java.lang.ClassLoader.loadClass(Ljava/lang/String;Z)Ljava/lang/Class; (122 bytes) @ 0x0000000003024238 [0x0000000003023820+0xa18]
J 298 C1 sun.misc.Launcher$AppClassLoader.loadClass(Ljava/lang/String;Z)Ljava/lang/Class; (85 bytes) @ 0x0000000002c42b6c [0x0000000002c421c0+0x9ac]
J 282 C1 java.lang.ClassLoader.loadClass(Ljava/lang/String;)Ljava/lang/Class; (7 bytes) @ 0x0000000002c3ad4c [0x0000000002c3ac40+0x10c]
v  ~StubRoutines::call_stub
J 681  java.lang.ClassLoader.defineClass1(Ljava/lang/String;[BIILjava/security/ProtectionDomain;Ljava/lang/String;)Ljava/lang/Class; (0 bytes) @ 0x0000000002d77cdf [0x0000000002d77c40+0x9f]
J 726 C1 java.lang.ClassLoader.defineClass(Ljava/lang/String;[BIILjava/security/ProtectionDomain;)Ljava/lang/Class; (43 bytes) @ 0x0000000002da2064 [0x0000000002da1a80+0x5e4]
J 659 C1 java.net.URLClassLoader.defineClass(Ljava/lang/String;Lsun/misc/Resource;)Ljava/lang/Class; (142 bytes) @ 0x0000000002d6c8e4 [0x0000000002d6ad80+0x1b64]
J 380 C1 java.net.URLClassLoader$1.run()Ljava/lang/Class; (63 bytes) @ 0x0000000002c88094 [0x0000000002c87de0+0x2b4]
J 332 C1 java.net.URLClassLoader$1.run()Ljava/lang/Object; (5 bytes) @ 0x0000000002c5efcc [0x0000000002c5ef40+0x8c]
v  ~StubRoutines::call_stub
J 190  java.security.AccessController.doPrivileged(Ljava/security/PrivilegedExceptionAction;Ljava/security/AccessControlContext;)Ljava/lang/Object; (0 bytes) @ 0x0000000002bdfa26 [0x0000000002bdf9c0+0x66]
J 1773 C2 java.net.URLClassLoader.findClass(Ljava/lang/String;)Ljava/lang/Class; (47 bytes) @ 0x0000000003089630 [0x00000000030895a0+0x90]
J 1628 C2 java.lang.ClassLoader.loadClass(Ljava/lang/String;Z)Ljava/lang/Class; (122 bytes) @ 0x0000000003024238 [0x0000000003023820+0xa18]
J 298 C1 sun.misc.Launcher$AppClassLoader.loadClass(Ljava/lang/String;Z)Ljava/lang/Class; (85 bytes) @ 0x0000000002c42b6c [0x0000000002c421c0+0x9ac]
J 282 C1 java.lang.ClassLoader.loadClass(Ljava/lang/String;)Ljava/lang/Class; (7 bytes) @ 0x0000000002c3ad4c [0x0000000002c3ac40+0x10c]
v  ~StubRoutines::call_stub
j  org.hibernate.event.service.internal.EventListenerRegistryImpl.prepareListenerAssociation()[Lorg/hibernate/event/service/internal/EventListenerGroupImpl;+337
j  org.hibernate.event.service.internal.EventListenerRegistryImpl.<init>()V+16
j  org.hibernate.event.service.internal.EventListenerServiceInitiator.initiateService(Lorg/hibernate/engine/spi/SessionFactoryImplementor;Lorg/hibernate/boot/spi/SessionFactoryOptions;Lorg/hibernate/service/spi/ServiceRegistryImplementor;)Lorg/hibernate/event/service/spi/EventListenerRegistry;+4
j  org.hibernate.event.service.internal.EventListenerServiceInitiator.initiateService(Lorg/hibernate/engine/spi/SessionFactoryImplementor;Lorg/hibernate/boot/spi/SessionFactoryOptions;Lorg/hibernate/service/spi/ServiceRegistryImplementor;)Lorg/hibernate/service/Service;+4
j  org.hibernate.service.internal.SessionFactoryServiceRegistryImpl.initiateService(Lorg/hibernate/service/spi/ServiceInitiator;)Lorg/hibernate/service/Service;+15
j  org.hibernate.service.internal.AbstractServiceRegistryImpl.createService(Lorg/hibernate/service/spi/ServiceBinding;)Lorg/hibernate/service/Service;+26
j  org.hibernate.service.internal.AbstractServiceRegistryImpl.initializeService(Lorg/hibernate/service/spi/ServiceBinding;)Lorg/hibernate/service/Service;+30
j  org.hibernate.service.internal.AbstractServiceRegistryImpl.getService(Ljava/lang/Class;)Lorg/hibernate/service/Service;+88
j  org.hibernate.service.internal.SessionFactoryServiceRegistryImpl.getService(Ljava/lang/Class;)Lorg/hibernate/service/Service;+19
j  org.hibernate.internal.SessionFactoryImpl.applyCfgXmlValues(Lorg/hibernate/boot/cfgxml/spi/LoadedConfig;Lorg/hibernate/service/spi/SessionFactoryServiceRegistry;)V+106
j  org.hibernate.internal.SessionFactoryImpl.<init>(Lorg/hibernate/boot/spi/MetadataImplementor;Lorg/hibernate/boot/spi/SessionFactoryOptions;)V+130
j  org.hibernate.boot.internal.SessionFactoryBuilderImpl.build()Lorg/hibernate/SessionFactory;+21
j  org.hibernate.cfg.Configuration.buildSessionFactory(Lorg/hibernate/service/ServiceRegistry;)Lorg/hibernate/SessionFactory;+486
j  org.hibernate.cfg.Configuration.buildSessionFactory()Lorg/hibernate/SessionFactory;+30
j  org.springframework.orm.hibernate5.LocalSessionFactoryBean.buildSessionFactory(Lorg/springframework/orm/hibernate5/LocalSessionFactoryBuilder;)Lorg/hibernate/SessionFactory;+19
j  org.springframework.orm.hibernate5.LocalSessionFactoryBean.afterPropertiesSet()V+576
j  org.springframework.beans.factory.support.AbstractAutowireCapableBeanFactory.invokeInitMethods(Ljava/lang/String;Ljava/lang/Object;Lorg/springframework/beans/factory/support/RootBeanDefinition;)V+109
j  org.springframework.beans.factory.support.AbstractAutowireCapableBeanFactory.initializeBean(Ljava/lang/String;Ljava/lang/Object;Lorg/springframework/beans/factory/support/RootBeanDefinition;)Ljava/lang/Object;+61
j  org.springframework.beans.factory.support.AbstractAutowireCapableBeanFactory.doCreateBean(Ljava/lang/String;Lorg/springframework/beans/factory/support/RootBeanDefinition;[Ljava/lang/Object;)Ljava/lang/Object;+263
j  org.springframework.beans.factory.support.AbstractAutowireCapableBeanFactory.createBean(Ljava/lang/String;Lorg/springframework/beans/factory/support/RootBeanDefinition;[Ljava/lang/Object;)Ljava/lang/Object;+169
j  org.springframework.beans.factory.support.AbstractBeanFactory$1.getObject()Ljava/lang/Object;+16
j  org.springframework.beans.factory.support.DefaultSingletonBeanRegistry.getSingleton(Ljava/lang/String;Lorg/springframework/beans/factory/ObjectFactory;)Ljava/lang/Object;+132
j  org.springframework.beans.factory.support.AbstractBeanFactory.doGetBean(Ljava/lang/String;Ljava/lang/Class;[Ljava/lang/Object;Z)Ljava/lang/Object;+375
j  org.springframework.beans.factory.support.AbstractBeanFactory.getBean(Ljava/lang/String;Ljava/lang/Class;)Ljava/lang/Object;+5
j  org.springframework.beans.factory.config.DependencyDescriptor.resolveCandidate(Ljava/lang/String;Ljava/lang/Class;Lorg/springframework/beans/factory/BeanFactory;)Ljava/lang/Object;+3
j  org.springframework.beans.factory.support.DefaultListableBeanFactory.doResolveDependency(Lorg/springframework/beans/factory/config/DependencyDescriptor;Ljava/lang/String;Ljava/util/Set;Lorg/springframework/beans/TypeConverter;)Ljava/lang/Object;+410
j  org.springframework.beans.factory.support.DefaultListableBeanFactory.resolveDependency(Lorg/springframework/beans/factory/config/DependencyDescriptor;Ljava/lang/String;Ljava/util/Set;Lorg/springframework/beans/TypeConverter;)Ljava/lang/Object;+116
j  org.springframework.beans.factory.annotation.AutowiredAnnotationBeanPostProcessor$AutowiredFieldElement.inject(Ljava/lang/Object;Ljava/lang/String;Lorg/springframework/beans/PropertyValues;)V+95
j  org.springframework.beans.factory.annotation.InjectionMetadata.inject(Ljava/lang/Object;Ljava/lang/String;Lorg/springframework/beans/PropertyValues;)V+118
j  org.springframework.beans.factory.annotation.AutowiredAnnotationBeanPostProcessor.postProcessPropertyValues(Lorg/springframework/beans/PropertyValues;[Ljava/beans/PropertyDescriptor;Ljava/lang/Object;Ljava/lang/String;)Lorg/springframework/beans/PropertyValues;+19
j  org.springframework.beans.factory.support.AbstractAutowireCapableBeanFactory.populateBean(Ljava/lang/String;Lorg/springframework/beans/factory/support/RootBeanDefinition;Lorg/springframework/beans/BeanWrapper;)V+305
j  org.springframework.beans.factory.support.AbstractAutowireCapableBeanFactory.doCreateBean(Ljava/lang/String;Lorg/springframework/beans/factory/support/RootBeanDefinition;[Ljava/lang/Object;)Ljava/lang/Object;+250
j  org.springframework.beans.factory.support.AbstractAutowireCapableBeanFactory.createBean(Ljava/lang/String;Lorg/springframework/beans/factory/support/RootBeanDefinition;[Ljava/lang/Object;)Ljava/lang/Object;+169
j  org.springframework.beans.factory.support.AbstractBeanFactory$1.getObject()Ljava/lang/Object;+16
j  org.springframework.beans.factory.support.DefaultSingletonBeanRegistry.getSingleton(Ljava/lang/String;Lorg/springframework/beans/factory/ObjectFactory;)Ljava/lang/Object;+132
j  org.springframework.beans.factory.support.AbstractBeanFactory.doGetBean(Ljava/lang/String;Ljava/lang/Class;[Ljava/lang/Object;Z)Ljava/lang/Object;+375
j  org.springframework.beans.factory.support.AbstractBeanFactory.getBean(Ljava/lang/String;Ljava/lang/Class;)Ljava/lang/Object;+5
j  org.springframework.beans.factory.config.DependencyDescriptor.resolveCandidate(Ljava/lang/String;Ljava/lang/Class;Lorg/springframework/beans/factory/BeanFactory;)Ljava/lang/Object;+3
j  org.springframework.beans.factory.support.DefaultListableBeanFactory.doResolveDependency(Lorg/springframework/beans/factory/config/DependencyDescriptor;Ljava/lang/String;Ljava/util/Set;Lorg/springframework/beans/TypeConverter;)Ljava/lang/Object;+410
j  org.springframework.beans.factory.support.DefaultListableBeanFactory.resolveDependency(Lorg/springframework/beans/factory/config/DependencyDescriptor;Ljava/lang/String;Ljava/util/Set;Lorg/springframework/beans/TypeConverter;)Ljava/lang/Object;+116
j  org.springframework.beans.factory.annotation.AutowiredAnnotationBeanPostProcessor$AutowiredFieldElement.inject(Ljava/lang/Object;Ljava/lang/String;Lorg/springframework/beans/PropertyValues;)V+95
j  org.springframework.beans.factory.annotation.InjectionMetadata.inject(Ljava/lang/Object;Ljava/lang/String;Lorg/springframework/beans/PropertyValues;)V+118
j  org.springframework.beans.factory.annotation.AutowiredAnnotationBeanPostProcessor.postProcessPropertyValues(Lorg/springframework/beans/PropertyValues;[Ljava/beans/PropertyDescriptor;Ljava/lang/Object;Ljava/lang/String;)Lorg/springframework/beans/PropertyValues;+19
j  org.springframework.beans.factory.support.AbstractAutowireCapableBeanFactory.populateBean(Ljava/lang/String;Lorg/springframework/beans/factory/support/RootBeanDefinition;Lorg/springframework/beans/BeanWrapper;)V+305
j  org.springframework.beans.factory.support.AbstractAutowireCapableBeanFactory.doCreateBean(Ljava/lang/String;Lorg/springframework/beans/factory/support/RootBeanDefinition;[Ljava/lang/Object;)Ljava/lang/Object;+250
j  org.springframework.beans.factory.support.AbstractAutowireCapableBeanFactory.createBean(Ljava/lang/String;Lorg/springframework/beans/factory/support/RootBeanDefinition;[Ljava/lang/Object;)Ljava/lang/Object;+169
j  org.springframework.beans.factory.support.AbstractBeanFactory$1.getObject()Ljava/lang/Object;+16
j  org.springframework.beans.factory.support.DefaultSingletonBeanRegistry.getSingleton(Ljava/lang/String;Lorg/springframework/beans/factory/ObjectFactory;)Ljava/lang/Object;+132
j  org.springframework.beans.factory.support.AbstractBeanFactory.doGetBean(Ljava/lang/String;Ljava/lang/Class;[Ljava/lang/Object;Z)Ljava/lang/Object;+375
j  org.springframework.beans.factory.support.AbstractBeanFactory.getBean(Ljava/lang/String;)Ljava/lang/Object;+5
j  org.springframework.beans.factory.support.DefaultListableBeanFactory.preInstantiateSingletons()V+231
j  org.springframework.context.support.AbstractApplicationContext.finishBeanFactoryInitialization(Lorg/springframework/beans/factory/config/ConfigurableListableBeanFactory;)V+126
j  org.springframework.context.support.AbstractApplicationContext.refresh()V+54
j  org.springframework.context.support.ClassPathXmlApplicationContext.<init>([Ljava/lang/String;ZLorg/springframework/context/ApplicationContext;)V+15
j  org.springframework.context.support.ClassPathXmlApplicationContext.<init>(Ljava/lang/String;)V+11
j  com.lovo.mvc.service.impl.PowerServiceImpl.main([Ljava/lang/String;)V+6
v  ~StubRoutines::call_stub

---------------  P R O C E S S  ---------------

Java Threads: ( => current thread )
  0x00000000179b7800 JavaThread "Abandoned connection cleanup thread" daemon [_thread_blocked, id=11196, stack(0x0000000018980000,0x0000000018a80000)]
  0x0000000016317000 JavaThread "Service Thread" daemon [_thread_blocked, id=14396, stack(0x0000000016bb0000,0x0000000016cb0000)]
  0x0000000016312800 JavaThread "C1 CompilerThread2" daemon [_thread_blocked, id=8628, stack(0x0000000016ab0000,0x0000000016bb0000)]
  0x000000001630e800 JavaThread "C2 CompilerThread1" daemon [_thread_in_native, id=13008, stack(0x00000000169b0000,0x0000000016ab0000)]
  0x0000000014f7c800 JavaThread "C2 CompilerThread0" daemon [_thread_in_native, id=15296, stack(0x00000000168b0000,0x00000000169b0000)]
  0x0000000014f7b800 JavaThread "Attach Listener" daemon [_thread_blocked, id=7916, stack(0x00000000167b0000,0x00000000168b0000)]
  0x00000000162f3800 JavaThread "Signal Dispatcher" daemon [_thread_blocked, id=15236, stack(0x00000000166b0000,0x00000000167b0000)]
  0x0000000014f4a800 JavaThread "Finalizer" daemon [_thread_blocked, id=9932, stack(0x00000000161b0000,0x00000000162b0000)]
  0x0000000002a63000 JavaThread "Reference Handler" daemon [_thread_blocked, id=11888, stack(0x00000000160b0000,0x00000000161b0000)]
=>0x0000000002974800 JavaThread "main" [_thread_in_vm, id=208, stack(0x0000000002430000,0x0000000002530000)]

Other Threads:
  0x0000000014f28000 VMThread [stack: 0x0000000015fb0000,0x00000000160b0000] [id=5556]
  0x000000001637a800 WatcherThread [stack: 0x0000000016cb0000,0x0000000016db0000] [id=6592]

VM state:not at safepoint (normal execution)

VM Mutex/Monitor currently owned by a thread: None

Heap:
 PSYoungGen      total 68096K, used 28252K [0x00000000ebc00000, 0x00000000f0700000, 0x0000000100000000)
  eden space 62464K, 45% used [0x00000000ebc00000,0x00000000ed797380,0x00000000ef900000)
  from space 5632K, 0% used [0x00000000eff80000,0x00000000eff80000,0x00000000f0500000)
  to   space 6656K, 0% used [0x00000000ef900000,0x00000000ef900000,0x00000000eff80000)
 ParOldGen       total 30720K, used 7684K [0x00000000c3400000, 0x00000000c5200000, 0x00000000ebc00000)
  object space 30720K, 25% used [0x00000000c3400000,0x00000000c3b813c0,0x00000000c5200000)
 Metaspace       used 25361K, capacity 25620K, committed 25856K, reserved 1071104K
  class space    used 3216K, capacity 3292K, committed 3328K, reserved 1048576K

Card table byte_map: [0x0000000011e30000,0x0000000012020000] byte_map_base: 0x0000000011816000

Marking Bits: (ParMarkBitMap*) 0x000000005656f860
 Begin Bits: [0x0000000012570000, 0x00000000134a0000)
 End Bits:   [0x00000000134a0000, 0x00000000143d0000)

Polling page: 0x0000000000700000

CodeCache: size=245760Kb used=6246Kb max_used=6251Kb free=239513Kb
 bounds [0x0000000002a70000, 0x0000000003090000, 0x0000000011a70000]
 total_blobs=2258 nmethods=1778 adapters=392
 compilation: enabled

Compilation events (10 events):
Event: 8.971 Thread 0x0000000016312800 1775       1       java.util.zip.ZipFile::access$400 (5 bytes)
Event: 8.971 Thread 0x0000000016312800 nmethod 1775 0x0000000003088c90 code [0x0000000003088de0, 0x0000000003088ed0]
Event: 8.981 Thread 0x0000000014f7c800 1776   !   4       java.net.URLClassLoader$1::run (63 bytes)
Event: 8.982 Thread 0x000000001630e800 1777       4       java.net.URLClassLoader$1::run (5 bytes)
Event: 9.043 Thread 0x0000000016312800 1778       3       sun.reflect.ReflectionFactory::checkInitted (19 bytes)
Event: 9.043 Thread 0x0000000016312800 nmethod 1778 0x000000000308f110 code [0x000000000308f280, 0x000000000308f548]
Event: 9.043 Thread 0x0000000016312800 1779       3       java.lang.reflect.Modifier::isVolatile (13 bytes)
Event: 9.043 Thread 0x0000000016312800 nmethod 1779 0x00000000030888d0 code [0x0000000003088a20, 0x0000000003088bb0]
Event: 9.071 Thread 0x0000000016312800 1780       3       java.lang.Package::<init> (56 bytes)
Event: 9.072 Thread 0x0000000016312800 nmethod 1780 0x000000000308ec90 code [0x000000000308ede0, 0x000000000308f050]

GC Heap History (10 events):
Event: 3.952 GC heap before
{Heap before GC invocations=3 (full 0):
 PSYoungGen      total 18432K, used 18403K [0x00000000ebc00000, 0x00000000ee000000, 0x0000000100000000)
  eden space 15872K, 100% used [0x00000000ebc00000,0x00000000ecb80000,0x00000000ecb80000)
  from space 2560K, 98% used [0x00000000ece00000,0x00000000ed078c18,0x00000000ed080000)
  to   space 2560K, 0% used [0x00000000ecb80000,0x00000000ecb80000,0x00000000ece00000)
 ParOldGen       total 42496K, used 2814K [0x00000000c3400000, 0x00000000c5d80000, 0x00000000ebc00000)
  object space 42496K, 6% used [0x00000000c3400000,0x00000000c36bfb50,0x00000000c5d80000)
 Metaspace       used 11427K, capacity 11638K, committed 11776K, reserved 1058816K
  class space    used 1392K, capacity 1429K, committed 1536K, reserved 1048576K
Event: 3.971 GC heap after
Heap after GC invocations=3 (full 0):
 PSYoungGen      total 18432K, used 2552K [0x00000000ebc00000, 0x00000000ee000000, 0x0000000100000000)
  eden space 15872K, 0% used [0x00000000ebc00000,0x00000000ebc00000,0x00000000ecb80000)
  from space 2560K, 99% used [0x00000000ecb80000,0x00000000ecdfe030,0x00000000ece00000)
  to   space 2560K, 0% used [0x00000000edd80000,0x00000000edd80000,0x00000000ee000000)
 ParOldGen       total 42496K, used 3884K [0x00000000c3400000, 0x00000000c5d80000, 0x00000000ebc00000)
  object space 42496K, 9% used [0x00000000c3400000,0x00000000c37cb1b0,0x00000000c5d80000)
 Metaspace       used 11427K, capacity 11638K, committed 11776K, reserved 1058816K
  class space    used 1392K, capacity 1429K, committed 1536K, reserved 1048576K
}
Event: 4.071 GC heap before
{Heap before GC invocations=4 (full 0):
 PSYoungGen      total 18432K, used 18420K [0x00000000ebc00000, 0x00000000ee000000, 0x0000000100000000)
  eden space 15872K, 99% used [0x00000000ebc00000,0x00000000ecb7f1e0,0x00000000ecb80000)
  from space 2560K, 99% used [0x00000000ecb80000,0x00000000ecdfe030,0x00000000ece00000)
  to   space 2560K, 0% used [0x00000000edd80000,0x00000000edd80000,0x00000000ee000000)
 ParOldGen       total 42496K, used 3884K [0x00000000c3400000, 0x00000000c5d80000, 0x00000000ebc00000)
  object space 42496K, 9% used [0x00000000c3400000,0x00000000c37cb1b0,0x00000000c5d80000)
 Metaspace       used 11532K, capacity 11708K, committed 12032K, reserved 1060864K
  class space    used 1402K, capacity 1430K, committed 1536K, reserved 1048576K
Event: 4.076 GC heap after
Heap after GC invocations=4 (full 0):
 PSYoungGen      total 34304K, used 2557K [0x00000000ebc00000, 0x00000000ee000000, 0x0000000100000000)
  eden space 31744K, 0% used [0x00000000ebc00000,0x00000000ebc00000,0x00000000edb00000)
  from space 2560K, 99% used [0x00000000edd80000,0x00000000edfff5f0,0x00000000ee000000)
  to   space 2560K, 0% used [0x00000000edb00000,0x00000000edb00000,0x00000000edd80000)
 ParOldGen       total 42496K, used 4207K [0x00000000c3400000, 0x00000000c5d80000, 0x00000000ebc00000)
  object space 42496K, 9% used [0x00000000c3400000,0x00000000c381bf90,0x00000000c5d80000)
 Metaspace       used 11532K, capacity 11708K, committed 12032K, reserved 1060864K
  class space    used 1402K, capacity 1430K, committed 1536K, reserved 1048576K
}
Event: 5.412 GC heap before
{Heap before GC invocations=5 (full 0):
 PSYoungGen      total 34304K, used 34301K [0x00000000ebc00000, 0x00000000ee000000, 0x0000000100000000)
  eden space 31744K, 100% used [0x00000000ebc00000,0x00000000edb00000,0x00000000edb00000)
  from space 2560K, 99% used [0x00000000edd80000,0x00000000edfff5f0,0x00000000ee000000)
  to   space 2560K, 0% used [0x00000000edb00000,0x00000000edb00000,0x00000000edd80000)
 ParOldGen       total 42496K, used 4207K [0x00000000c3400000, 0x00000000c5d80000, 0x00000000ebc00000)
  object space 42496K, 9% used [0x00000000c3400000,0x00000000c381bf90,0x00000000c5d80000)
 Metaspace       used 16196K, capacity 16354K, committed 16640K, reserved 1064960K
  class space    used 1923K, capacity 1955K, committed 2048K, reserved 1048576K
Event: 5.423 GC heap after
Heap after GC invocations=5 (full 0):
 PSYoungGen      total 34304K, used 2541K [0x00000000ebc00000, 0x00000000f0500000, 0x0000000100000000)
  eden space 31744K, 0% used [0x00000000ebc00000,0x00000000ebc00000,0x00000000edb00000)
  from space 2560K, 99% used [0x00000000edb00000,0x00000000edd7b470,0x00000000edd80000)
  to   space 5632K, 0% used [0x00000000eff80000,0x00000000eff80000,0x00000000f0500000)
 ParOldGen       total 42496K, used 7343K [0x00000000c3400000, 0x00000000c5d80000, 0x00000000ebc00000)
  object space 42496K, 17% used [0x00000000c3400000,0x00000000c3b2bf68,0x00000000c5d80000)
 Metaspace       used 16196K, capacity 16354K, committed 16640K, reserved 1064960K
  class space    used 1923K, capacity 1955K, committed 2048K, reserved 1048576K
}
Event: 6.861 GC heap before
{Heap before GC invocations=6 (full 0):
 PSYoungGen      total 34304K, used 27299K [0x00000000ebc00000, 0x00000000f0500000, 0x0000000100000000)
  eden space 31744K, 77% used [0x00000000ebc00000,0x00000000ed42db00,0x00000000edb00000)
  from space 2560K, 99% used [0x00000000edb00000,0x00000000edd7b470,0x00000000edd80000)
  to   space 5632K, 0% used [0x00000000eff80000,0x00000000eff80000,0x00000000f0500000)
 ParOldGen       total 42496K, used 7343K [0x00000000c3400000, 0x00000000c5d80000, 0x00000000ebc00000)
  object space 42496K, 17% used [0x00000000c3400000,0x00000000c3b2bf68,0x00000000c5d80000)
 Metaspace       used 20880K, capacity 21100K, committed 21296K, reserved 1069056K
  class space    used 2611K, capacity 2682K, committed 2688K, reserved 1048576K
Event: 6.875 GC heap after
Heap after GC invocations=6 (full 0):
 PSYoungGen      total 68096K, used 5623K [0x00000000ebc00000, 0x00000000f0700000, 0x0000000100000000)
  eden space 62464K, 0% used [0x00000000ebc00000,0x00000000ebc00000,0x00000000ef900000)
  from space 5632K, 99% used [0x00000000eff80000,0x00000000f04fdcd8,0x00000000f0500000)
  to   space 6656K, 0% used [0x00000000ef900000,0x00000000ef900000,0x00000000eff80000)
 ParOldGen       total 42496K, used 7959K [0x00000000c3400000, 0x00000000c5d80000, 0x00000000ebc00000)
  object space 42496K, 18% used [0x00000000c3400000,0x00000000c3bc5cd0,0x00000000c5d80000)
 Metaspace       used 20880K, capacity 21100K, committed 21296K, reserved 1069056K
  class space    used 2611K, capacity 2682K, committed 2688K, reserved 1048576K
}
Event: 6.875 GC heap before
{Heap before GC invocations=7 (full 1):
 PSYoungGen      total 68096K, used 5623K [0x00000000ebc00000, 0x00000000f0700000, 0x0000000100000000)
  eden space 62464K, 0% used [0x00000000ebc00000,0x00000000ebc00000,0x00000000ef900000)
  from space 5632K, 99% used [0x00000000eff80000,0x00000000f04fdcd8,0x00000000f0500000)
  to   space 6656K, 0% used [0x00000000ef900000,0x00000000ef900000,0x00000000eff80000)
 ParOldGen       total 42496K, used 7959K [0x00000000c3400000, 0x00000000c5d80000, 0x00000000ebc00000)
  object space 42496K, 18% used [0x00000000c3400000,0x00000000c3bc5cd0,0x00000000c5d80000)
 Metaspace       used 20880K, capacity 21100K, committed 21296K, reserved 1069056K
  class space    used 2611K, capacity 2682K, committed 2688K, reserved 1048576K
Event: 6.924 GC heap after
Heap after GC invocations=7 (full 1):
 PSYoungGen      total 68096K, used 0K [0x00000000ebc00000, 0x00000000f0700000, 0x0000000100000000)
  eden space 62464K, 0% used [0x00000000ebc00000,0x00000000ebc00000,0x00000000ef900000)
  from space 5632K, 0% used [0x00000000eff80000,0x00000000eff80000,0x00000000f0500000)
  to   space 6656K, 0% used [0x00000000ef900000,0x00000000ef900000,0x00000000eff80000)
 ParOldGen       total 30720K, used 7684K [0x00000000c3400000, 0x00000000c5200000, 0x00000000ebc00000)
  object space 30720K, 25% used [0x00000000c3400000,0x00000000c3b813c0,0x00000000c5200000)
 Metaspace       used 20880K, capacity 21100K, committed 21296K, reserved 1069056K
  class space    used 2611K, capacity 2682K, committed 2688K, reserved 1048576K
}

Deoptimization events (10 events):
Event: 6.673 Thread 0x0000000002974800 Uncommon trap: reason=unstable_if action=reinterpret pc=0x0000000002d9a0c4 method=sun.nio.cs.UTF_8$Decoder.decode([BII[C)I @ 30
Event: 6.685 Thread 0x0000000002974800 Uncommon trap: reason=null_check action=make_not_entrant pc=0x0000000002e80488 method=sun.misc.URLClassPath$JarLoader.getResource(Ljava/lang/String;ZLjava/util/Set;)Lsun/misc/Resource; @ 92
Event: 6.810 Thread 0x0000000002974800 Uncommon trap: reason=unstable_if action=reinterpret pc=0x0000000002e7857c method=java.lang.CharacterDataLatin1.isWhitespace(I)Z @ 14
Event: 6.812 Thread 0x0000000002974800 Uncommon trap: reason=unstable_if action=reinterpret pc=0x0000000002ed2e98 method=java.lang.String$CaseInsensitiveComparator.compare(Ljava/lang/String;Ljava/lang/String;)I @ 70
Event: 6.815 Thread 0x0000000002974800 Uncommon trap: reason=unstable_if action=reinterpret pc=0x0000000002efbc04 method=java.lang.String.regionMatches(ZILjava/lang/String;II)Z @ 123
Event: 7.267 Thread 0x0000000002974800 Uncommon trap: reason=class_check action=maybe_recompile pc=0x0000000002df4e3c method=java.util.HashMap.putVal(ILjava/lang/Object;Ljava/lang/Object;ZZ)Ljava/lang/Object; @ 203
Event: 7.295 Thread 0x0000000002974800 Uncommon trap: reason=class_check action=maybe_recompile pc=0x0000000002f650fc method=java.util.regex.Pattern$BmpCharProperty.match(Ljava/util/regex/Matcher;ILjava/lang/CharSequence;)Z @ 31
Event: 7.295 Thread 0x0000000002974800 Uncommon trap: reason=class_check action=maybe_recompile pc=0x0000000002f650fc method=java.util.regex.Pattern$BmpCharProperty.match(Ljava/util/regex/Matcher;ILjava/lang/CharSequence;)Z @ 31
Event: 8.061 Thread 0x0000000002974800 Uncommon trap: reason=unstable_if action=reinterpret pc=0x0000000002bbec58 method=sun.nio.cs.UTF_8$Encoder.encode([CII[B)I @ 33
Event: 8.545 Thread 0x0000000002974800 Uncommon trap: reason=class_check action=maybe_recompile pc=0x0000000002df4e3c method=java.util.HashMap.putVal(ILjava/lang/Object;Ljava/lang/Object;ZZ)Ljava/lang/Object; @ 203

Classes redefined (0 events):
No events

Internal exceptions (10 events):
Event: 6.697 Thread 0x0000000002974800 Exception <a 'java/security/PrivilegedActionException'> (0x00000000ed03be48) thrown at [C:\re\workspace\8-2-build-windows-amd64-cygwin\jdk8u161\10277\hotspot\src\share\vm\prims\jvm.cpp, line 1390]
Event: 6.697 Thread 0x0000000002974800 Exception <a 'java/security/PrivilegedActionException'> (0x00000000ed03c610) thrown at [C:\re\workspace\8-2-build-windows-amd64-cygwin\jdk8u161\10277\hotspot\src\share\vm\prims\jvm.cpp, line 1390]
Event: 6.697 Thread 0x0000000002974800 Exception <a 'java/security/PrivilegedActionException'> (0x00000000ed045f38) thrown at [C:\re\workspace\8-2-build-windows-amd64-cygwin\jdk8u161\10277\hotspot\src\share\vm\prims\jvm.cpp, line 1390]
Event: 6.697 Thread 0x0000000002974800 Exception <a 'java/security/PrivilegedActionException'> (0x00000000ed046518) thrown at [C:\re\workspace\8-2-build-windows-amd64-cygwin\jdk8u161\10277\hotspot\src\share\vm\prims\jvm.cpp, line 1390]
Event: 6.697 Thread 0x0000000002974800 Exception <a 'java/security/PrivilegedActionException'> (0x00000000ed04f9b0) thrown at [C:\re\workspace\8-2-build-windows-amd64-cygwin\jdk8u161\10277\hotspot\src\share\vm\prims\jvm.cpp, line 1390]
Event: 6.697 Thread 0x0000000002974800 Exception <a 'java/security/PrivilegedActionException'> (0x00000000ed050178) thrown at [C:\re\workspace\8-2-build-windows-amd64-cygwin\jdk8u161\10277\hotspot\src\share\vm\prims\jvm.cpp, line 1390]
Event: 6.697 Thread 0x0000000002974800 Exception <a 'java/security/PrivilegedActionException'> (0x00000000ed059bc0) thrown at [C:\re\workspace\8-2-build-windows-amd64-cygwin\jdk8u161\10277\hotspot\src\share\vm\prims\jvm.cpp, line 1390]
Event: 6.697 Thread 0x0000000002974800 Exception <a 'java/security/PrivilegedActionException'> (0x00000000ed05a1a0) thrown at [C:\re\workspace\8-2-build-windows-amd64-cygwin\jdk8u161\10277\hotspot\src\share\vm\prims\jvm.cpp, line 1390]
Event: 6.698 Thread 0x0000000002974800 Exception <a 'java/security/PrivilegedActionException'> (0x00000000ed063bb0) thrown at [C:\re\workspace\8-2-build-windows-amd64-cygwin\jdk8u161\10277\hotspot\src\share\vm\prims\jvm.cpp, line 1390]
Event: 6.698 Thread 0x0000000002974800 Exception <a 'java/security/PrivilegedActionException'> (0x00000000ed064190) thrown at [C:\re\workspace\8-2-build-windows-amd64-cygwin\jdk8u161\10277\hotspot\src\share\vm\prims\jvm.cpp, line 1390]

Events (10 events):
Event: 9.113 loading class org/hibernate/event/spi/PostCommitUpdateEventListener
Event: 9.113 loading class org/hibernate/event/spi/PostCommitUpdateEventListener done
Event: 9.114 loading class org/hibernate/event/internal/DefaultPostLoadEventListener
Event: 9.114 loading class org/hibernate/event/internal/DefaultPostLoadEventListener done
Event: 9.114 loading class org/hibernate/action/spi/BeforeTransactionCompletionProcess
Event: 9.114 loading class org/hibernate/action/spi/BeforeTransactionCompletionProcess done
Event: 9.117 loading class org/hibernate/event/internal/DefaultUpdateEventListener
Event: 9.117 loading class org/hibernate/event/internal/DefaultUpdateEventListener done
Event: 9.119 loading class org/hibernate/event/internal/DefaultSaveOrUpdateEventListener
Event: 9.119 loading class org/hibernate/event/internal/DefaultSaveOrUpdateEventListener done


Dynamic libraries:
0x00007ff637610000 - 0x00007ff637647000 	C:\Program Files\Java\jre1.8.0_161\bin\javaw.exe
0x00007ffa71370000 - 0x00007ffa71551000 	C:\WINDOWS\SYSTEM32\ntdll.dll
0x00007ffa70bb0000 - 0x00007ffa70c62000 	C:\WINDOWS\System32\KERNEL32.DLL
0x00007ffa6e0b0000 - 0x00007ffa6e323000 	C:\WINDOWS\System32\KERNELBASE.dll
0x00007ffa70fa0000 - 0x00007ffa71041000 	C:\WINDOWS\System32\ADVAPI32.dll
0x00007ffa70e10000 - 0x00007ffa70eae000 	C:\WINDOWS\System32\msvcrt.dll
0x00007ffa6f2f0000 - 0x00007ffa6f34b000 	C:\WINDOWS\System32\sechost.dll
0x00007ffa70ce0000 - 0x00007ffa70e04000 	C:\WINDOWS\System32\RPCRT4.dll
0x00007ffa6f400000 - 0x00007ffa6f590000 	C:\WINDOWS\System32\USER32.dll
0x00007ffa6de50000 - 0x00007ffa6de70000 	C:\WINDOWS\System32\win32u.dll
0x00007ffa6ef30000 - 0x00007ffa6ef58000 	C:\WINDOWS\System32\GDI32.dll
0x00007ffa6e5e0000 - 0x00007ffa6e772000 	C:\WINDOWS\System32\gdi32full.dll
0x00007ffa6e440000 - 0x00007ffa6e4df000 	C:\WINDOWS\System32\msvcp_win.dll
0x00007ffa6e4e0000 - 0x00007ffa6e5da000 	C:\WINDOWS\System32\ucrtbase.dll
0x00007ffa55bb0000 - 0x00007ffa55e19000 	C:\WINDOWS\WinSxS\amd64_microsoft.windows.common-controls_6595b64144ccf1df_6.0.17134.472_none_fb3f9af53068156d\COMCTL32.dll
0x00007ffa6efc0000 - 0x00007ffa6f2e2000 	C:\WINDOWS\System32\combase.dll
0x00007ffa6e780000 - 0x00007ffa6e7fa000 	C:\WINDOWS\System32\bcryptPrimitives.dll
0x00007ffa6f350000 - 0x00007ffa6f37d000 	C:\WINDOWS\System32\IMM32.DLL
0x0000000055b50000 - 0x0000000055c22000 	C:\Program Files\Java\jre1.8.0_161\bin\msvcr100.dll
0x0000000055d50000 - 0x00000000565ef000 	C:\Program Files\Java\jre1.8.0_161\bin\server\jvm.dll
0x00007ffa6e800000 - 0x00007ffa6e808000 	C:\WINDOWS\System32\PSAPI.DLL
0x00007ffa58080000 - 0x00007ffa58089000 	C:\WINDOWS\SYSTEM32\WSOCK32.dll
0x00007ffa712c0000 - 0x00007ffa7132c000 	C:\WINDOWS\System32\WS2_32.dll
0x00007ffa63a70000 - 0x00007ffa63a93000 	C:\WINDOWS\SYSTEM32\WINMM.dll
0x00007ffa636c0000 - 0x00007ffa636ca000 	C:\WINDOWS\SYSTEM32\VERSION.dll
0x00007ffa63a40000 - 0x00007ffa63a6a000 	C:\WINDOWS\SYSTEM32\WINMMBASE.dll
0x00007ffa6e060000 - 0x00007ffa6e0a9000 	C:\WINDOWS\System32\cfgmgr32.dll
0x0000000055d40000 - 0x0000000055d4f000 	C:\Program Files\Java\jre1.8.0_161\bin\verify.dll
0x0000000055d10000 - 0x0000000055d39000 	C:\Program Files\Java\jre1.8.0_161\bin\java.dll
0x0000000055cf0000 - 0x0000000055d06000 	C:\Program Files\Java\jre1.8.0_161\bin\zip.dll
0x00007ffa6f5f0000 - 0x00007ffa70a30000 	C:\WINDOWS\System32\SHELL32.dll
0x00007ffa711f0000 - 0x00007ffa71299000 	C:\WINDOWS\System32\shcore.dll
0x00007ffa6d740000 - 0x00007ffa6de4d000 	C:\WINDOWS\System32\windows.storage.dll
0x00007ffa70c80000 - 0x00007ffa70cd1000 	C:\WINDOWS\System32\shlwapi.dll
0x00007ffa6d6f0000 - 0x00007ffa6d701000 	C:\WINDOWS\System32\kernel.appcore.dll
0x00007ffa6d6d0000 - 0x00007ffa6d6ef000 	C:\WINDOWS\System32\profapi.dll
0x00007ffa6d680000 - 0x00007ffa6d6cc000 	C:\WINDOWS\System32\powrprof.dll
0x00007ffa6d730000 - 0x00007ffa6d73a000 	C:\WINDOWS\System32\FLTLIB.DLL
0x0000000055c70000 - 0x0000000055c7d000 	C:\Program Files\Java\jre1.8.0_161\bin\management.dll
0x0000000055cd0000 - 0x0000000055cea000 	C:\Program Files\Java\jre1.8.0_161\bin\net.dll
0x00007ffa6cea0000 - 0x00007ffa6cf06000 	C:\WINDOWS\system32\mswsock.dll
0x0000000055cb0000 - 0x0000000055cc1000 	C:\Program Files\Java\jre1.8.0_161\bin\nio.dll
0x00007ffa6d050000 - 0x00007ffa6d067000 	C:\WINDOWS\SYSTEM32\CRYPTSP.dll
0x00007ffa6ca80000 - 0x00007ffa6cab3000 	C:\WINDOWS\system32\rsaenh.dll
0x00007ffa6d1e0000 - 0x00007ffa6d205000 	C:\WINDOWS\SYSTEM32\bcrypt.dll
0x00007ffa6d5b0000 - 0x00007ffa6d5d8000 	C:\WINDOWS\SYSTEM32\USERENV.dll
0x00007ffa6d070000 - 0x00007ffa6d07b000 	C:\WINDOWS\SYSTEM32\CRYPTBASE.dll
0x00007ffa6cc20000 - 0x00007ffa6cc58000 	C:\WINDOWS\SYSTEM32\IPHLPAPI.DLL
0x00007ffa71330000 - 0x00007ffa71338000 	C:\WINDOWS\System32\NSI.dll
0x00007ffa67e10000 - 0x00007ffa67e26000 	C:\WINDOWS\SYSTEM32\dhcpcsvc6.DLL
0x00007ffa67e90000 - 0x00007ffa67eaa000 	C:\WINDOWS\SYSTEM32\dhcpcsvc.DLL
0x00007ffa45e60000 - 0x00007ffa45e76000 	C:\WINDOWS\system32\napinsp.dll
0x00007ffa44b10000 - 0x00007ffa44b2a000 	C:\WINDOWS\system32\pnrpnsp.dll
0x00007ffa6a0b0000 - 0x00007ffa6a0c9000 	C:\WINDOWS\system32\NLAapi.dll
0x00007ffa6cc60000 - 0x00007ffa6cd1e000 	C:\WINDOWS\SYSTEM32\DNSAPI.dll
0x00007ffa45e50000 - 0x00007ffa45e5e000 	C:\WINDOWS\System32\winrnr.dll
0x00007ffa44a00000 - 0x00007ffa44a15000 	C:\WINDOWS\System32\wshbth.dll
0x00007ffa661e0000 - 0x00007ffa661ea000 	C:\Windows\System32\rasadhlp.dll
0x00007ffa669a0000 - 0x00007ffa66a12000 	C:\WINDOWS\System32\fwpuclnt.dll

VM Arguments:
jvm_args: -Dfile.encoding=UTF-8 
java_command: com.lovo.mvc.service.impl.PowerServiceImpl
java_class_path (initial): C:\Program Files\Java\jre1.8.0_161\lib\resources.jar;C:\Program Files\Java\jre1.8.0_161\lib\rt.jar;C:\Program Files\Java\jre1.8.0_161\lib\jsse.jar;C:\Program Files\Java\jre1.8.0_161\lib\jce.jar;C:\Program Files\Java\jre1.8.0_161\lib\charsets.jar;C:\Program Files\Java\jre1.8.0_161\lib\jfr.jar;C:\Program Files\Java\jre1.8.0_161\lib\ext\access-bridge-64.jar;C:\Program Files\Java\jre1.8.0_161\lib\ext\cldrdata.jar;C:\Program Files\Java\jre1.8.0_161\lib\ext\dnsns.jar;C:\Program Files\Java\jre1.8.0_161\lib\ext\jaccess.jar;C:\Program Files\Java\jre1.8.0_161\lib\ext\jfxrt.jar;C:\Program Files\Java\jre1.8.0_161\lib\ext\localedata.jar;C:\Program Files\Java\jre1.8.0_161\lib\ext\nashorn.jar;C:\Program Files\Java\jre1.8.0_161\lib\ext\sunec.jar;C:\Program Files\Java\jre1.8.0_161\lib\ext\sunjce_provider.jar;C:\Program Files\Java\jre1.8.0_161\lib\ext\sunmscapi.jar;C:\Program Files\Java\jre1.8.0_161\lib\ext\sunpkcs11.jar;C:\Program Files\Java\jre1.8.0_161\lib\ext\zipfs.jar;F:\SpringMVCJ163\target\classes;F:\maven-repository\javax\servlet\servlet-api\3.0-alpha-1\servlet-api-3.0-alpha-1.jar;F:\maven-repository\log4j\log4j\1.2.17\log4j-1.2.17.jar;F:\maven-repository\javax\servlet\jstl\1.2\jstl-1.2.jar;F:\maven-repository\javax\servlet\jsp\jsp-api\2.2.1-b03\jsp-api-2.2.1-b03.jar;F:\maven-repository\commons-fileupload\commons-fileupload\1.2.2\commons-fileupload-1.2.2.jar;F:\maven-repository\commons-io\commons-io\2.4\commons-io-2.4.jar;F:\maven-repository\com\fasterxml\jackson\core\jackson-databind\2.6.3\jackson-databind-2.6.3.jar;F:\maven-repository\com\fasterxml\jackson\core\jackson-core\2.6.3\jackson-core-2.6.3.jar;F:\maven-repository\com\fasterxml\jackson\core\jackson-annotations\2.6.0\jackson-annotations-2.6.0.jar;F:\maven-repository\mysql\mysql-connector-java\5.1.21\mysql-connector-java-5.1.21.jar;F:\maven-repository\commons-dbcp\commons-dbcp\1.4\commons-dbcp-1.4.jar;F:\maven-repository\commons-pool\commons-pool\1.5.4\commons-pool-1.5.4.jar;F:\maven-repos
Launcher Type: SUN_STANDARD

Environment Variables:
JAVA_HOME=C:\Program Files\Java\jdk1.8.0_131
CLASSPATH=.;C:\Program Files\Java\jdk1.8.0_131\lib\dt.jar;C:\Program Files\Java\jdk1.8.0_131\lib\tools.jar
PATH=C:/Program Files/Java/jre1.8.0_161/bin/server;C:/Program Files/Java/jre1.8.0_161/bin;C:/Program Files/Java/jre1.8.0_161/lib/amd64;C:\ProgramData\Oracle\Java\javapath;C:\Program Files\Java\jdk1.8.0_131\bin;C:\Program Files\Java\jdk1.8.0_131\jre\bin;;C:\WINDOWS\system32;C:\WINDOWS;C:\WINDOWS\System32\Wbem;C:\WINDOWS\System32\WindowsPowerShell\v1.0\;C:\WINDOWS\System32\OpenSSH\;C:\Program Files\Microsoft SQL Server\110\Tools\Binn\;C:\Program Files\TortoiseSVN\bin;C:\Users\castle\AppData\Local\Microsoft\WindowsApps;F:\apache-maven-3.3.9\apache-maven-3.3.9\bin\;;F:\eclipse;
USERNAME=castle
OS=Windows_NT
PROCESSOR_IDENTIFIER=Intel64 Family 6 Model 94 Stepping 3, GenuineIntel



---------------  S Y S T E M  ---------------

OS: Windows 10.0 , 64 bit Build 17134 (10.0.17134.1)

CPU:total 4 (initial active 4) (4 cores per cpu, 1 threads per core) family 6 model 94 stepping 3, cmov, cx8, fxsr, mmx, sse, sse2, sse3, ssse3, sse4.1, sse4.2, popcnt, avx, avx2, aes, clmul, erms, rtm, 3dnowpref, lzcnt, tsc, tscinvbit, bmi1, bmi2, adx

Memory: 4k page, physical 3981292k(226168k free), swap 8929512k(5716k free)

vm_info: Java HotSpot(TM) 64-Bit Server VM (25.161-b12) for windows-amd64 JRE (1.8.0_161-b12), built on Dec 19 2017 17:52:25 by "java_re" with MS VC++ 10.0 (VS2010)

time: Thu Jan 03 01:50:46 2019
elapsed time: 9 seconds (0d 0h 0m 9s)

